<?xml version="1.0" encoding="UTF-8"?>
<!-- Generated by org.testng.reporters.JUnitXMLReporter -->
<testsuite hostname="DESKTOP-E28U7TJ" ignored="0" name="TestNG.xml" tests="15" failures="1" timestamp="2021-09-29T10:56:52 IST" time="1130.09" errors="0">
  <testcase name="@BeforeMethod setUp" time="41.833" classname="unReleasePlanpage_tests.planpage_test">
    <failure type="java.lang.NullPointerException">
      <![CDATA[java.lang.NullPointerException
at unReleasePlanpage_tests.planpage_test.setUp(planpage_test.java:38)
at java.util.ArrayList.forEach(Unknown Source)
... Removed 31 stack frames]]>
    </failure>
  </testcase> <!-- @BeforeMethod setUp -->
  <testcase name="@AfterMethod tearDown" time="-1.632892806208E9" classname="unReleasePlanpage_tests.planpage_test">
    <skipped/>
  </testcase> <!-- @AfterMethod tearDown -->
  <testcase name="verifydatepicktest" time="24.36" classname="unRelease_tests.Intakepage_test"/>
  <testcase name="verifysubmittedRMIclicktest" time="15.188" classname="unRelease_tests.Intakepage_test"/>
  <testcase name="verifyplanpageshifttest" time="12.253" classname="unRelease_tests.Intakepage_test"/>
  <testcase name="verifyPOCLlogmessage_test" time="14.053" classname="unRelease_tests.RMIIDdetailspage_test"/>
  <testcase name="verifyprojecttimelinetest" time="18.293" classname="unRelease_tests.ProjectIDdetailspage_test"/>
  <testcase name="verifyproiddetailviewproject_test" time="4.881" classname="unRelease_tests.ProjectIDdetailspage_test"/>
  <testcase name="verifysubmittedrmisearchfeld_test" time="4.498" classname="unRelease_tests.RMIL3page_test"/>
  <testcase name="verifyverticalL3tableview_test" time="11.07" classname="unRelease_tests.RMIL3page_test"/>
  <testcase name="verifyrmiidclick" time="1.574" classname="unRelease_tests.RMIL3page_test"/>
  <testcase name="verifyprojectdb" time="0.0" classname="unReleasePlanpage_tests.planpage_test">
    <skipped/>
  </testcase> <!-- verifyprojectdb -->
  <testcase name="verifyprosearchfieldtest" time="27.545" classname="unReleasePlanpage_tests.Pro_l3page_test"/>
  <testcase name="verifypro_l3pagedate_test" time="13.288" classname="unReleasePlanpage_tests.Pro_l3page_test"/>
  <testcase name="verifyprocodedetailspage_test" time="20.254" classname="unReleasePlanpage_tests.Procode_detailpage_test">
    <failure type="org.openqa.selenium.NoSuchElementException" message="no such element: Unable to locate element: {&amp;quot;method&amp;quot;:&amp;quot;css selector&amp;quot;,&amp;quot;selector&amp;quot;:&amp;quot;div.sc-dvUynV.joRTNm&amp;gt;:nth-child(2)&amp;quot;}
  (Session info: chrome=94.0.4606.61)
For documentation on this error, please visit: https://www.seleniumhq.org/exceptions/no_such_element.html
Build info: version: &amp;apos;3.141.59&amp;apos;, revision: &amp;apos;e82be7d358&amp;apos;, time: &amp;apos;2018-11-14T08:17:03&amp;apos;
System info: host: &amp;apos;DESKTOP-E28U7TJ&amp;apos;, ip: &amp;apos;10.148.220.196&amp;apos;, os.name: &amp;apos;Windows 10&amp;apos;, os.arch: &amp;apos;amd64&amp;apos;, os.version: &amp;apos;10.0&amp;apos;, java.version: &amp;apos;1.8.0_301&amp;apos;
Driver info: org.openqa.selenium.chrome.ChromeDriver
Capabilities {acceptInsecureCerts: true, browserName: chrome, browserVersion: 94.0.4606.61, chrome: {chromedriverVersion: 93.0.4577.63 (ff5c0da2ec0ad..., userDataDir: C:\Users\piktor\AppData\Loc...}, goog:chromeOptions: {debuggerAddress: localhost:51429}, javascriptEnabled: true, networkConnectionEnabled: false, pageLoadStrategy: normal, platform: WINDOWS, platformName: WINDOWS, proxy: Proxy(), setWindowRect: true, strictFileInteractability: false, timeouts: {implicit: 0, pageLoad: 300000, script: 30000}, unhandledPromptBehavior: dismiss and notify, webauthn:extension:credBlob: true, webauthn:extension:largeBlob: true, webauthn:virtualAuthenticators: true}
Session ID: 1442162043baf56bff3dae9a79d60227
*** Element info: {Using=css selector, value=div.sc-dvUynV.joRTNm&amp;gt;:nth-child(2)}">
      <![CDATA[org.openqa.selenium.NoSuchElementException: no such element: Unable to locate element: {"method":"css selector","selector":"div.sc-dvUynV.joRTNm>:nth-child(2)"}
  (Session info: chrome=94.0.4606.61)
For documentation on this error, please visit: https://www.seleniumhq.org/exceptions/no_such_element.html
Build info: version: '3.141.59', revision: 'e82be7d358', time: '2018-11-14T08:17:03'
System info: host: 'DESKTOP-E28U7TJ', ip: '10.148.220.196', os.name: 'Windows 10', os.arch: 'amd64', os.version: '10.0', java.version: '1.8.0_301'
Driver info: org.openqa.selenium.chrome.ChromeDriver
Capabilities {acceptInsecureCerts: true, browserName: chrome, browserVersion: 94.0.4606.61, chrome: {chromedriverVersion: 93.0.4577.63 (ff5c0da2ec0ad..., userDataDir: C:\Users\piktor\AppData\Loc...}, goog:chromeOptions: {debuggerAddress: localhost:51429}, javascriptEnabled: true, networkConnectionEnabled: false, pageLoadStrategy: normal, platform: WINDOWS, platformName: WINDOWS, proxy: Proxy(), setWindowRect: true, strictFileInteractability: false, timeouts: {implicit: 0, pageLoad: 300000, script: 30000}, unhandledPromptBehavior: dismiss and notify, webauthn:extension:credBlob: true, webauthn:extension:largeBlob: true, webauthn:virtualAuthenticators: true}
Session ID: 1442162043baf56bff3dae9a79d60227
*** Element info: {Using=css selector, value=div.sc-dvUynV.joRTNm>:nth-child(2)}
at org.openqa.selenium.remote.http.W3CHttpResponseCodec.createException(W3CHttpResponseCodec.java:187)
at org.openqa.selenium.remote.http.W3CHttpResponseCodec.decode(W3CHttpResponseCodec.java:122)
at org.openqa.selenium.remote.http.W3CHttpResponseCodec.decode(W3CHttpResponseCodec.java:49)
at org.openqa.selenium.remote.HttpCommandExecutor.execute(HttpCommandExecutor.java:158)
at org.openqa.selenium.remote.service.DriverCommandExecutor.execute(DriverCommandExecutor.java:83)
at org.openqa.selenium.remote.RemoteWebDriver.execute(RemoteWebDriver.java:552)
at org.openqa.selenium.remote.RemoteWebElement.execute(RemoteWebElement.java:285)
at org.openqa.selenium.remote.RemoteWebElement.findElement(RemoteWebElement.java:185)
at org.openqa.selenium.remote.RemoteWebElement.findElementByCssSelector(RemoteWebElement.java:253)
at org.openqa.selenium.By$ByCssSelector.findElement(By.java:431)
at org.openqa.selenium.remote.RemoteWebElement.findElement(RemoteWebElement.java:181)
at org.openqa.selenium.support.events.EventFiringWebDriver$EventFiringWebElement.lambda$new$0(EventFiringWebDriver.java:404)
at com.sun.proxy.$Proxy12.findElement(Unknown Source)
at org.openqa.selenium.support.events.EventFiringWebDriver$EventFiringWebElement.findElement(EventFiringWebDriver.java:496)
at Utilclass.utility.locatewebelement(utility.java:115)
at unRelease.ProjectIDdetailspage.projectidlistviewclick(ProjectIDdetailspage.java:23)
at unReleasePlanpage_tests.Procode_detailpage_test.verifyprocodedetailspage_test(Procode_detailpage_test.java:55)
at java.util.ArrayList.forEach(Unknown Source)
... Removed 34 stack frames]]>
    </failure>
  </testcase> <!-- verifyprocodedetailspage_test -->
  <testcase name="verifyImpactapp_l3page" time="15.131" classname="unReleasePlanpage_tests.Impactapp_l3page_test"/>
  <testcase name="verifyImpactapp_l3checkbox" time="4.235" classname="unReleasePlanpage_tests.Impactapp_l3page_test"/>
</testsuite> <!-- TestNG.xml -->
